The Daemon Server is not running

Messages from the log:
[NX v21.6.5 Daemon Server] - 2025-10-22T11:27:18.915Z - [SYNC]: running scheduled generator @nx/js:typescript-sync
[NX v21.6.5 Daemon Server] - 2025-10-22T11:27:19.059Z - [WATCHER]: 0 file(s) created or restored, 2 file(s) modified, 0 file(s) deleted
[NX v21.6.5 Daemon Server] - 2025-10-22T11:27:19.059Z - [REQUEST]: Responding to the client. File watch changed
Error [ERR_STREAM_DESTROYED]: Cannot call write after a stream was destroyed
    at _write (node:internal/streams/writable:489:11)
    at Writable.write (node:internal/streams/writable:508:10)
    at /Users/jdrobena/UI-GIG/nx-poc-final/node_modules/nx/src/daemon/server/shutdown-utils.js:73:16
    at new Promise (<anonymous>)
    at respondToClient (/Users/jdrobena/UI-GIG/nx-poc-final/node_modules/nx/src/daemon/server/shutdown-utils.js:69:12)
    at handleResult (/Users/jdrobena/UI-GIG/nx-poc-final/node_modules/nx/src/daemon/server/server.js:204:52)
    at process.processTicksAndRejections (node:internal/process/task_queues:105:5)
    at async Promise.all (index 0)
    at async /Users/jdrobena/UI-GIG/nx-poc-final/node_modules/nx/src/daemon/server/file-watching/file-watcher-sockets.js:27:9
    at async /Users/jdrobena/UI-GIG/nx-poc-final/node_modules/nx/src/utils/promised-based-queue.js:19:21 {
  code: 'ERR_STREAM_DESTROYED'
}
[NX v21.6.5 Daemon Server] - 2025-10-22T11:27:19.059Z - Done responding to the client File watch changed
[NX v21.6.5 Daemon Server] - 2025-10-22T11:27:19.059Z - Handled FILE-WATCH-CHANGED. Handling time: 0. Response time: 0.
[NX v21.6.5 Daemon Server] - 2025-10-22T11:27:19.060Z - [WATCHER]: Processing file changes in outputs



More information: /Users/jdrobena/UI-GIG/nx-poc-final/.nx/workspace-data/d/daemon.log